===== 실행 시작: 2026-02-12 09:00:03 =====
스크립트: /Users/jiseong-in/workspace/upup-admin/python_script/zmake_all_json.py

Traceback (most recent call last):
  File "/Users/jiseong-in/workspace/upup-admin/python_script/make_shop_json.py", line 100, in make_shop_json
    os.makedirs(os.path.dirname(out_path), exist_ok=True)
    ~~~~~~~~~~~^^^^^^^^^^^^^^^^^^^^^^^^^^^^^^^^^^^^^^^^^^
  File "<frozen os>", line 227, in makedirs
OSError: [Errno 30] Read-only file system: 'data'
Traceback (most recent call last):
  File "/Users/jiseong-in/workspace/upup-admin/python_script/make_shop_json.py", line 100, in make_shop_json
    os.makedirs(os.path.dirname(out_path), exist_ok=True)
    ~~~~~~~~~~~^^^^^^^^^^^^^^^^^^^^^^^^^^^^^^^^^^^^^^^^^^
  File "<frozen os>", line 227, in makedirs
OSError: [Errno 30] Read-only file system: 'data'
Traceback (most recent call last):
  File "/Users/jiseong-in/workspace/upup-admin/python_script/make_shop_json.py", line 100, in make_shop_json
    os.makedirs(os.path.dirname(out_path), exist_ok=True)
    ~~~~~~~~~~~^^^^^^^^^^^^^^^^^^^^^^^^^^^^^^^^^^^^^^^^^^
  File "<frozen os>", line 227, in makedirs
OSError: [Errno 30] Read-only file system: 'data'
Traceback (most recent call last):
  File "/Users/jiseong-in/workspace/upup-admin/python_script/make_shop_json.py", line 100, in make_shop_json
    os.makedirs(os.path.dirname(out_path), exist_ok=True)
    ~~~~~~~~~~~^^^^^^^^^^^^^^^^^^^^^^^^^^^^^^^^^^^^^^^^^^
  File "<frozen os>", line 227, in makedirs
OSError: [Errno 30] Read-only file system: 'data'
Error: To github.com:whatitsoundslike/upup-admin.git
 ! [rejected]        main -> main (non-fast-forward)
error: failed to push some refs to 'github.com:whatitsoundslike/upup-admin.git'
hint: Updates were rejected because the tip of your current branch is behind
hint: its remote counterpart. If you want to integrate the remote changes,
hint: use 'git pull' before pushing again.
hint: See the 'Note about fast-forwards' in 'git push --help' for details.

==================================================
모든 JSON 파일 생성 시작
==================================================

[1/3] 뉴스 JSON 생성 중...
Fetching news for '테슬라' from Naver API...
Fetching news for '일론 머스크' from Naver API...
  [tesla] Raw: 80 articles
  [tesla] After dedup: 59 articles
✗ 뉴스 JSON 생성 실패: [Errno 30] Read-only file system: 'data'

[2/3] 쇼핑 JSON 생성 중...
Goal: Fetch data from Google Sheet for keyword 'tesla' and convert to JSON
Using gid '0' for sheet name 'tesla'
Debug: Exporting from https://docs.google.com/spreadsheets/d/1Zocy2KfOAA0UlPmCmci0SIq-cKGf8mXGBpHhKa5UWRA/export?format=csv&gid=0
Error occurred: [Errno 30] Read-only file system: 'data'
Goal: Fetch data from Google Sheet for keyword 'baby' and convert to JSON
Using gid '1881135036' for sheet name 'baby'
Debug: Exporting from https://docs.google.com/spreadsheets/d/1Zocy2KfOAA0UlPmCmci0SIq-cKGf8mXGBpHhKa5UWRA/export?format=csv&gid=1881135036
Error occurred: [Errno 30] Read-only file system: 'data'
Goal: Fetch data from Google Sheet for keyword 'ai' and convert to JSON
Using gid '458561670' for sheet name 'ai'
Debug: Exporting from https://docs.google.com/spreadsheets/d/1Zocy2KfOAA0UlPmCmci0SIq-cKGf8mXGBpHhKa5UWRA/export?format=csv&gid=458561670
Error occurred: [Errno 30] Read-only file system: 'data'
Goal: Fetch data from Google Sheet for keyword 'desk' and convert to JSON
Using gid '1266585344' for sheet name 'desk'
Debug: Exporting from https://docs.google.com/spreadsheets/d/1Zocy2KfOAA0UlPmCmci0SIq-cKGf8mXGBpHhKa5UWRA/export?format=csv&gid=1266585344
Error occurred: [Errno 30] Read-only file system: 'data'
✓ 쇼핑 JSON 생성 완료

[3/3] 전기차 보조금 JSON 생성 중...
오류 발생: [Errno 30] Read-only file system: 'data'
✓ 전기차 보조금 JSON 생성 완료

==================================================
모든 JSON 파일 생성 완료
==================================================

===== 실행 완료: 2026-02-12 09:00:43 =====
종료 코드: 1
